#Time         gpu         pid   type     sm    mem    enc    dec    jpg    ofa     fb   ccpm    command 
#HH:MM:SS     Idx           #    C/G      %      %      %      %      %      %     MB     MB    name 
 22:11:28       0       3555     G      -      -      -      -      -      -      2      0    gnome-shell    
 22:11:28       0      70347   C+G      -      -      -      -      -      -      4      0    milkdrop       
 22:11:28       0      79378     G      -      -      -      -      -      -      2      0    gnome-shell    
 22:11:28       0      79430   C+G     32      7      -      -      -      -     32      0    mutter-devkit  
 22:11:28       0      81021   C+G      -      -      -      -      -      -      4      0    milkdrop       
 22:11:29       0       3555     G      -      -      -      -      -      -      2      0    gnome-shell    
 22:11:29       0      70347   C+G      -      -      -      -      -      -      4      0    milkdrop       
 22:11:29       0      79378     G      -      -      -      -      -      -      2      0    gnome-shell    
 22:11:29       0      79430   C+G     36      4      -      -      -      -     32      0    mutter-devkit  
 22:11:29       0      81021   C+G      -      -      -      -      -      -      4      0    milkdrop       
 22:11:30       0       3555     G      -      -      -      -      -      -      2      0    gnome-shell    
 22:11:30       0      70347   C+G      -      -      -      -      -      -      4      0    milkdrop       
 22:11:30       0      79378     G      -      -      -      -      -      -      2      0    gnome-shell    
 22:11:30       0      79430   C+G     37      5      -      -      -      -     32      0    mutter-devkit  
 22:11:30       0      81021   C+G      -      -      -      -      -      -      4      0    milkdrop       
 22:11:31       0       3555     G      -      -      -      -      -      -      2      0    gnome-shell    
 22:11:31       0      70347   C+G      -      -      -      -      -      -      4      0    milkdrop       
 22:11:31       0      79378     G      -      -      -      -      -      -      2      0    gnome-shell    
 22:11:31       0      79430   C+G     37      5      -      -      -      -     32      0    mutter-devkit  
 22:11:31       0      81021   C+G      -      -      -      -      -      -      4      0    milkdrop       
 22:11:32       0       3555     G      -      -      -      -      -      -      2      0    gnome-shell    
 22:11:32       0      70347   C+G      -      -      -      -      -      -      4      0    milkdrop       
 22:11:32       0      79378     G      -      -      -      -      -      -      2      0    gnome-shell    
 22:11:32       0      79430   C+G     36      5      -      -      -      -     32      0    mutter-devkit  
 22:11:32       0      81021   C+G      -      -      -      -      -      -      4      0    milkdrop       
 22:11:33       0       3555     G      -      -      -      -      -      -      2      0    gnome-shell    
 22:11:33       0      70347   C+G      -      -      -      -      -      -      4      0    milkdrop       
 22:11:33       0      79378     G      -      -      -      -      -      -      2      0    gnome-shell    
 22:11:33       0      79430   C+G     36      6      -      -      -      -     32      0    mutter-devkit  
 22:11:33       0      81021   C+G      -      -      -      -      -      -      4      0    milkdrop       
 22:11:34       0       3555     G      -      -      -      -      -      -      2      0    gnome-shell    
 22:11:34       0      70347   C+G      -      -      -      -      -      -      4      0    milkdrop       
 22:11:34       0      79378     G      -      -      -      -      -      -      2      0    gnome-shell    
 22:11:34       0      79430   C+G     34      5      -      -      -      -     32      0    mutter-devkit  
 22:11:34       0      81021   C+G      -      -      -      -      -      -      4      0    milkdrop       
 22:11:35       0       3555     G      -      -      -      -      -      -      2      0    gnome-shell    
 22:11:35       0      70347   C+G      -      -      -      -      -      -      4      0    milkdrop       
 22:11:35       0      79378     G      -      -      -      -      -      -      2      0    gnome-shell    
 22:11:35       0      79430   C+G     32      5      -      -      -      -     32      0    mutter-devkit  
 22:11:35       0      81021   C+G      -      -      -      -      -      -      4      0    milkdrop       
 22:11:36       0       3555     G      -      -      -      -      -      -      2      0    gnome-shell    
 22:11:36       0      70347   C+G      -      -      -      -      -      -      4      0    milkdrop       
 22:11:36       0      79378     G      -      -      -      -      -      -      2      0    gnome-shell    
 22:11:36       0      79430   C+G     34      5      -      -      -      -     32      0    mutter-devkit  
#Time         gpu         pid   type     sm    mem    enc    dec    jpg    ofa     fb   ccpm    command 
#HH:MM:SS     Idx           #    C/G      %      %      %      %      %      %     MB     MB    name 
 22:11:36       0      81021   C+G      -      -      -      -      -      -      4      0    milkdrop       
 22:11:37       0       3555     G      -      -      -      -      -      -      2      0    gnome-shell    
 22:11:37       0      70347   C+G      -      -      -      -      -      -      4      0    milkdrop       
 22:11:37       0      79378     G      -      -      -      -      -      -      2      0    gnome-shell    
 22:11:37       0      79430   C+G     34      5      -      -      -      -     32      0    mutter-devkit  
 22:11:37       0      81021   C+G      -      -      -      -      -      -      4      0    milkdrop       
 22:11:38       0       3555     G      -      -      -      -      -      -      2      0    gnome-shell    
 22:11:38       0      70347   C+G      -      -      -      -      -      -      4      0    milkdrop       
 22:11:38       0      79378     G      -      -      -      -      -      -      2      0    gnome-shell    
 22:11:38       0      79430   C+G     36      4      -      -      -      -     32      0    mutter-devkit  
 22:11:38       0      81021   C+G      -      -      -      -      -      -      4      0    milkdrop       
 22:11:39       0       3555     G      -      -      -      -      -      -      2      0    gnome-shell    
 22:11:39       0      70347   C+G      -      -      -      -      -      -      4      0    milkdrop       
 22:11:39       0      79378     G      -      -      -      -      -      -      2      0    gnome-shell    
 22:11:39       0      79430   C+G     35      6      -      -      -      -     32      0    mutter-devkit  
 22:11:39       0      81021   C+G      -      -      -      -      -      -      4      0    milkdrop       
 22:11:40       0       3555     G      -      -      -      -      -      -      2      0    gnome-shell    
 22:11:40       0      70347   C+G      -      -      -      -      -      -      4      0    milkdrop       
 22:11:40       0      79378     G      -      -      -      -      -      -      2      0    gnome-shell    
 22:11:40       0      79430   C+G     33      6      -      -      -      -     32      0    mutter-devkit  
 22:11:40       0      81021   C+G      -      -      -      -      -      -      4      0    milkdrop       
 22:11:41       0       3555     G      -      -      -      -      -      -      2      0    gnome-shell    
 22:11:41       0      70347   C+G      -      -      -      -      -      -      4      0    milkdrop       
 22:11:41       0      79378     G      -      -      -      -      -      -      2      0    gnome-shell    
 22:11:41       0      79430   C+G     35      5      -      -      -      -     32      0    mutter-devkit  
 22:11:41       0      81021   C+G      -      -      -      -      -      -      4      0    milkdrop       
 22:11:42       0       3555     G      -      -      -      -      -      -      2      0    gnome-shell    
 22:11:42       0      70347   C+G      -      -      -      -      -      -      4      0    milkdrop       
 22:11:42       0      79378     G      -      -      -      -      -      -      2      0    gnome-shell    
 22:11:42       0      79430   C+G     33      6      -      -      -      -     32      0    mutter-devkit  
 22:11:42       0      81021   C+G      -      -      -      -      -      -      4      0    milkdrop       
 22:11:43       0       3555     G      -      -      -      -      -      -      2      0    gnome-shell    
 22:11:43       0      70347   C+G      -      -      -      -      -      -      4      0    milkdrop       
 22:11:43       0      79378     G      -      -      -      -      -      -      2      0    gnome-shell    
 22:11:43       0      79430   C+G     33      6      -      -      -      -     32      0    mutter-devkit  
 22:11:43       0      81021   C+G      -      -      -      -      -      -      4      0    milkdrop       
 22:11:45       0       3555     G      -      -      -      -      -      -      2      0    gnome-shell    
 22:11:45       0      70347   C+G      -      -      -      -      -      -      4      0    milkdrop       
 22:11:45       0      79378     G      -      -      -      -      -      -      2      0    gnome-shell    
 22:11:45       0      79430   C+G     36      5      -      -      -      -     32      0    mutter-devkit  
 22:11:45       0      81021   C+G      -      -      -      -      -      -      4      0    milkdrop       
 22:11:46       0       3555     G      -      -      -      -      -      -      2      0    gnome-shell    
 22:11:46       0      70347   C+G      -      -      -      -      -      -      4      0    milkdrop       
 22:11:46       0      79378     G      -      -      -      -      -      -      2      0    gnome-shell    
#Time         gpu         pid   type     sm    mem    enc    dec    jpg    ofa     fb   ccpm    command 
#HH:MM:SS     Idx           #    C/G      %      %      %      %      %      %     MB     MB    name 
 22:11:46       0      79430   C+G     35      5      -      -      -      -     32      0    mutter-devkit  
 22:11:46       0      81021   C+G      -      -      -      -      -      -      4      0    milkdrop       
 22:11:47       0       3555     G      -      -      -      -      -      -      2      0    gnome-shell    
 22:11:47       0      70347   C+G      -      -      -      -      -      -      4      0    milkdrop       
 22:11:47       0      79378     G      -      -      -      -      -      -      2      0    gnome-shell    
 22:11:47       0      79430   C+G     36      6      -      -      -      -     32      0    mutter-devkit  
 22:11:47       0      81021   C+G      -      -      -      -      -      -      4      0    milkdrop       
 22:11:48       0       3555     G      -      -      -      -      -      -      2      0    gnome-shell    
 22:11:48       0      70347   C+G      -      -      -      -      -      -      4      0    milkdrop       
 22:11:48       0      79378     G      -      -      -      -      -      -      2      0    gnome-shell    
 22:11:48       0      79430   C+G     35      5      -      -      -      -     32      0    mutter-devkit  
 22:11:48       0      81021   C+G      -      -      -      -      -      -      4      0    milkdrop       
 22:11:49       0       3555     G      -      -      -      -      -      -      2      0    gnome-shell    
 22:11:49       0      70347   C+G      -      -      -      -      -      -      4      0    milkdrop       
 22:11:49       0      79378     G      -      -      -      -      -      -      2      0    gnome-shell    
 22:11:49       0      79430   C+G     36      5      -      -      -      -     32      0    mutter-devkit  
 22:11:49       0      81021   C+G      -      -      -      -      -      -      4      0    milkdrop       
 22:11:50       0       3555     G      -      -      -      -      -      -      2      0    gnome-shell    
 22:11:50       0      70347   C+G      -      -      -      -      -      -      4      0    milkdrop       
 22:11:50       0      79378     G      -      -      -      -      -      -      2      0    gnome-shell    
 22:11:50       0      79430   C+G      -      -      -      -      -      -     32      0    mutter-devkit  
 22:11:50       0      81021   C+G      -      -      -      -      -      -      4      0    milkdrop       
 22:11:51       0       3555     G      -      -      -      -      -      -      2      0    gnome-shell    
 22:11:51       0      70347   C+G      -      -      -      -      -      -      4      0    milkdrop       
 22:11:51       0      79378     G      -      -      -      -      -      -      2      0    gnome-shell    
 22:11:51       0      79430   C+G     21      7      -      -      -      -     32      0    mutter-devkit  
 22:11:51       0      81021   C+G      -      -      -      -      -      -      4      0    milkdrop       
 22:11:52       0       3555     G      -      -      -      -      -      -      2      0    gnome-shell    
 22:11:52       0      70347   C+G      -      -      -      -      -      -      4      0    milkdrop       
 22:11:52       0      79378     G      -      -      -      -      -      -      2      0    gnome-shell    
 22:11:52       0      79430   C+G     18     10      -      -      -      -     32      0    mutter-devkit  
 22:11:52       0      81021   C+G      -      -      -      -      -      -      4      0    milkdrop       
 22:11:53       0       3555     G      -      -      -      -      -      -      2      0    gnome-shell    
 22:11:53       0      70347   C+G      -      -      -      -      -      -      4      0    milkdrop       
 22:11:53       0      79378     G      -      -      -      -      -      -      2      0    gnome-shell    
 22:11:53       0      79430   C+G     23      7      -      -      -      -     32      0    mutter-devkit  
 22:11:53       0      81021   C+G      -      -      -      -      -      -      4      0    milkdrop       
 22:11:54       0       3555     G      -      -      -      -      -      -      2      0    gnome-shell    
 22:11:54       0      70347   C+G      -      -      -      -      -      -      4      0    milkdrop       
 22:11:54       0      79378     G      -      -      -      -      -      -      2      0    gnome-shell    
 22:11:54       0      79430   C+G     28      5      -      -      -      -     32      0    mutter-devkit  
 22:11:54       0      81021   C+G      -      -      -      -      -      -      4      0    milkdrop       
 22:11:55       0       3555     G      -      -      -      -      -      -      2      0    gnome-shell    
 22:11:55       0      70347   C+G      -      -      -      -      -      -      4      0    milkdrop       
#Time         gpu         pid   type     sm    mem    enc    dec    jpg    ofa     fb   ccpm    command 
#HH:MM:SS     Idx           #    C/G      %      %      %      %      %      %     MB     MB    name 
 22:11:55       0      79378     G      -      -      -      -      -      -      2      0    gnome-shell    
 22:11:55       0      79430   C+G     31      7      -      -      -      -     32      0    mutter-devkit  
 22:11:55       0      81021   C+G      -      -      -      -      -      -      4      0    milkdrop       
 22:11:56       0       3555     G      -      -      -      -      -      -      2      0    gnome-shell    
 22:11:56       0      70347   C+G      -      -      -      -      -      -      4      0    milkdrop       
 22:11:56       0      79378     G      -      -      -      -      -      -      2      0    gnome-shell    
 22:11:56       0      79430   C+G     33      6      -      -      -      -     32      0    mutter-devkit  
 22:11:56       0      81021   C+G      -      -      -      -      -      -      4      0    milkdrop       
 22:11:57       0       3555     G      -      -      -      -      -      -      2      0    gnome-shell    
 22:11:57       0      70347   C+G      -      -      -      -      -      -      4      0    milkdrop       
 22:11:57       0      79378     G      -      -      -      -      -      -      2      0    gnome-shell    
 22:11:57       0      79430   C+G     32      7      -      -      -      -     32      0    mutter-devkit  
 22:11:57       0      81021   C+G      -      -      -      -      -      -      4      0    milkdrop       
 22:11:58       0       3555     G      -      -      -      -      -      -      2      0    gnome-shell    
 22:11:58       0      70347   C+G      -      -      -      -      -      -      4      0    milkdrop       
 22:11:58       0      79378     G      -      -      -      -      -      -      2      0    gnome-shell    
 22:11:58       0      79430   C+G     31      6      -      -      -      -     32      0    mutter-devkit  
 22:11:58       0      81021   C+G      -      -      -      -      -      -      4      0    milkdrop       
 22:12:00       0       3555     G      -      -      -      -      -      -      2      0    gnome-shell    
 22:12:00       0      70347   C+G      -      -      -      -      -      -      4      0    milkdrop       
 22:12:00       0      79378     G      -      -      -      -      -      -      2      0    gnome-shell    
 22:12:00       0      79430   C+G      -      -      -      -      -      -     32      0    mutter-devkit  
 22:12:00       0      81021   C+G      -      -      -      -      -      -      4      0    milkdrop       
 22:12:01       0       3555     G      -      -      -      -      -      -      2      0    gnome-shell    
 22:12:01       0      70347   C+G      -      -      -      -      -      -      4      0    milkdrop       
 22:12:01       0      79378     G      -      -      -      -      -      -      2      0    gnome-shell    
 22:12:01       0      79430   C+G     31     10      -      -      -      -     32      0    mutter-devkit  
 22:12:01       0      81021   C+G      -      -      -      -      -      -      4      0    milkdrop       
 22:12:02       0       3555     G      -      -      -      -      -      -      2      0    gnome-shell    
 22:12:02       0      70347   C+G      -      -      -      -      -      -      4      0    milkdrop       
 22:12:02       0      79378     G      -      -      -      -      -      -      2      0    gnome-shell    
 22:12:02       0      79430   C+G     32      5      -      -      -      -     32      0    mutter-devkit  
 22:12:02       0      81021   C+G      -      -      -      -      -      -      4      0    milkdrop       
 22:12:03       0       3555     G      -      -      -      -      -      -      2      0    gnome-shell    
 22:12:03       0      70347   C+G      -      -      -      -      -      -      4      0    milkdrop       
 22:12:03       0      79378     G      -      -      -      -      -      -      2      0    gnome-shell    
 22:12:03       0      79430   C+G     31      5      -      -      -      -     32      0    mutter-devkit  
 22:12:03       0      81021   C+G      -      -      -      -      -      -      4      0    milkdrop       
 22:12:04       0       3555     G      -      -      -      -      -      -      2      0    gnome-shell    
 22:12:04       0      70347   C+G      -      -      -      -      -      -      4      0    milkdrop       
 22:12:04       0      79378     G      -      -      -      -      -      -      2      0    gnome-shell    
 22:12:04       0      79430   C+G     32      5      -      -      -      -     32      0    mutter-devkit  
 22:12:04       0      81021   C+G      -      -      -      -      -      -      4      0    milkdrop       
 22:12:05       0       3555     G      -      -      -      -      -      -      2      0    gnome-shell    
#Time         gpu         pid   type     sm    mem    enc    dec    jpg    ofa     fb   ccpm    command 
#HH:MM:SS     Idx           #    C/G      %      %      %      %      %      %     MB     MB    name 
 22:12:05       0      70347   C+G      -      -      -      -      -      -      4      0    milkdrop       
 22:12:05       0      79378     G      -      -      -      -      -      -      2      0    gnome-shell    
 22:12:05       0      79430   C+G     31      8      -      -      -      -     32      0    mutter-devkit  
 22:12:05       0      81021   C+G      -      -      -      -      -      -      4      0    milkdrop       
 22:12:06       0       3555     G      -      -      -      -      -      -      2      0    gnome-shell    
 22:12:06       0      70347   C+G      -      -      -      -      -      -      4      0    milkdrop       
 22:12:06       0      79378     G      -      -      -      -      -      -      2      0    gnome-shell    
 22:12:06       0      79430   C+G     30      7      -      -      -      -     32      0    mutter-devkit  
 22:12:06       0      81021   C+G      -      -      -      -      -      -      4      0    milkdrop       
 22:12:07       0       3555     G      -      -      -      -      -      -      2      0    gnome-shell    
 22:12:07       0      70347   C+G      -      -      -      -      -      -      4      0    milkdrop       
 22:12:07       0      79378     G      -      -      -      -      -      -      2      0    gnome-shell    
 22:12:07       0      79430   C+G     30      9      -      -      -      -     32      0    mutter-devkit  
 22:12:07       0      81021   C+G      -      -      -      -      -      -      4      0    milkdrop       
 22:12:08       0       3555     G      -      -      -      -      -      -      2      0    gnome-shell    
 22:12:08       0      70347   C+G      -      -      -      -      -      -      4      0    milkdrop       
 22:12:08       0      79378     G      -      -      -      -      -      -      2      0    gnome-shell    
 22:12:08       0      79430   C+G     31      7      -      -      -      -     32      0    mutter-devkit  
 22:12:08       0      81021   C+G      -      -      -      -      -      -      4      0    milkdrop       
 22:12:09       0       3555     G      -      -      -      -      -      -      2      0    gnome-shell    
 22:12:09       0      70347   C+G      -      -      -      -      -      -      4      0    milkdrop       
 22:12:09       0      79378     G      -      -      -      -      -      -      2      0    gnome-shell    
 22:12:09       0      79430   C+G     31      8      -      -      -      -     32      0    mutter-devkit  
 22:12:09       0      81021   C+G      -      -      -      -      -      -      4      0    milkdrop       
 22:12:10       0       3555     G      -      -      -      -      -      -      2      0    gnome-shell    
 22:12:10       0      70347   C+G      -      -      -      -      -      -      4      0    milkdrop       
 22:12:10       0      79378     G      -      -      -      -      -      -      2      0    gnome-shell    
 22:12:10       0      79430   C+G     31      8      -      -      -      -     32      0    mutter-devkit  
 22:12:10       0      81021   C+G      -      -      -      -      -      -      4      0    milkdrop       
 22:12:11       0       3555     G      -      -      -      -      -      -      2      0    gnome-shell    
 22:12:11       0      70347   C+G      -      -      -      -      -      -      4      0    milkdrop       
 22:12:11       0      79378     G      -      -      -      -      -      -      2      0    gnome-shell    
 22:12:11       0      79430   C+G     29      6      -      -      -      -     32      0    mutter-devkit  
 22:12:11       0      81021   C+G      -      -      -      -      -      -      4      0    milkdrop       
 22:12:12       0       3555     G      -      -      -      -      -      -      2      0    gnome-shell    
 22:12:12       0      70347   C+G      -      -      -      -      -      -      4      0    milkdrop       
 22:12:12       0      79378     G      -      -      -      -      -      -      2      0    gnome-shell    
 22:12:12       0      79430   C+G     30      6      -      -      -      -     32      0    mutter-devkit  
 22:12:12       0      81021   C+G      -      -      -      -      -      -      4      0    milkdrop       
 22:12:13       0       3555     G      -      -      -      -      -      -      2      0    gnome-shell    
 22:12:13       0      70347   C+G      -      -      -      -      -      -      4      0    milkdrop       
 22:12:13       0      79378     G      -      -      -      -      -      -      2      0    gnome-shell    
 22:12:13       0      79430   C+G     30      7      -      -      -      -     32      0    mutter-devkit  
 22:12:13       0      81021   C+G      -      -      -      -      -      -      4      0    milkdrop       
#Time         gpu         pid   type     sm    mem    enc    dec    jpg    ofa     fb   ccpm    command 
#HH:MM:SS     Idx           #    C/G      %      %      %      %      %      %     MB     MB    name 
 22:12:14       0       3555     G      -      -      -      -      -      -      2      0    gnome-shell    
 22:12:14       0      70347   C+G      -      -      -      -      -      -      4      0    milkdrop       
 22:12:14       0      79378     G      -      -      -      -      -      -      2      0    gnome-shell    
 22:12:14       0      79430   C+G     29      8      -      -      -      -     32      0    mutter-devkit  
 22:12:14       0      81021   C+G      -      -      -      -      -      -      4      0    milkdrop       
 22:12:15       0       3555     G      -      -      -      -      -      -      2      0    gnome-shell    
 22:12:15       0      70347   C+G      -      -      -      -      -      -      4      0    milkdrop       
 22:12:15       0      79378     G      -      -      -      -      -      -      2      0    gnome-shell    
 22:12:15       0      79430   C+G     30      5      -      -      -      -     32      0    mutter-devkit  
 22:12:15       0      81021   C+G      -      -      -      -      -      -      4      0    milkdrop       
